  -- Install configuration: "Release"
  -- Installing: C:/dev/Labs_AADS/antlr4_LAB/antlr4_runtime_source/build/bin/include
  -- Installing: C:/dev/Labs_AADS/antlr4_LAB/antlr4_runtime_source/build/bin/include/gmock
  -- Installing: C:/dev/Labs_AADS/antlr4_LAB/antlr4_runtime_source/build/bin/include/gmock/gmock-actions.h
  -- Installing: C:/dev/Labs_AADS/antlr4_LAB/antlr4_runtime_source/build/bin/include/gmock/gmock-cardinalities.h
  -- Installing: C:/dev/Labs_AADS/antlr4_LAB/antlr4_runtime_source/build/bin/include/gmock/gmock-function-mocker.h
  -- Installing: C:/dev/Labs_AADS/antlr4_LAB/antlr4_runtime_source/build/bin/include/gmock/gmock-matchers.h
  -- Installing: C:/dev/Labs_AADS/antlr4_LAB/antlr4_runtime_source/build/bin/include/gmock/gmock-more-actions.h
  -- Installing: C:/dev/Labs_AADS/antlr4_LAB/antlr4_runtime_source/build/bin/include/gmock/gmock-more-matchers.h
  -- Installing: C:/dev/Labs_AADS/antlr4_LAB/antlr4_runtime_source/build/bin/include/gmock/gmock-nice-strict.h
  -- Installing: C:/dev/Labs_AADS/antlr4_LAB/antlr4_runtime_source/build/bin/include/gmock/gmock-spec-builders.h
  -- Installing: C:/dev/Labs_AADS/antlr4_LAB/antlr4_runtime_source/build/bin/include/gmock/gmock.h
  -- Installing: C:/dev/Labs_AADS/antlr4_LAB/antlr4_runtime_source/build/bin/include/gmock/internal
  -- Installing: C:/dev/Labs_AADS/antlr4_LAB/antlr4_runtime_source/build/bin/include/gmock/internal/custom
  -- Installing: C:/dev/Labs_AADS/antlr4_LAB/antlr4_runtime_source/build/bin/include/gmock/internal/custom/gmock-generated-actions.h
  -- Installing: C:/dev/Labs_AADS/antlr4_LAB/antlr4_runtime_source/build/bin/include/gmock/internal/custom/gmock-matchers.h
  -- Installing: C:/dev/Labs_AADS/antlr4_LAB/antlr4_runtime_source/build/bin/include/gmock/internal/custom/gmock-port.h
  -- Installing: C:/dev/Labs_AADS/antlr4_LAB/antlr4_runtime_source/build/bin/include/gmock/internal/custom/README.md
  -- Installing: C:/dev/Labs_AADS/antlr4_LAB/antlr4_runtime_source/build/bin/include/gmock/internal/gmock-internal-utils.h
  -- Installing: C:/dev/Labs_AADS/antlr4_LAB/antlr4_runtime_source/build/bin/include/gmock/internal/gmock-port.h
  -- Installing: C:/dev/Labs_AADS/antlr4_LAB/antlr4_runtime_source/build/bin/include/gmock/internal/gmock-pp.h
  -- Installing: C:/dev/Labs_AADS/antlr4_LAB/antlr4_runtime_source/build/bin/lib/gmock.lib
  -- Installing: C:/dev/Labs_AADS/antlr4_LAB/antlr4_runtime_source/build/bin/lib/gmock_main.lib
  -- Installing: C:/dev/Labs_AADS/antlr4_LAB/antlr4_runtime_source/build/bin/lib/pkgconfig/gmock.pc
  -- Installing: C:/dev/Labs_AADS/antlr4_LAB/antlr4_runtime_source/build/bin/lib/pkgconfig/gmock_main.pc
  -- Installing: C:/dev/Labs_AADS/antlr4_LAB/antlr4_runtime_source/build/bin/lib/cmake/GTest/GTestTargets.cmake
  -- Installing: C:/dev/Labs_AADS/antlr4_LAB/antlr4_runtime_source/build/bin/lib/cmake/GTest/GTestTargets-release.cmake
  -- Installing: C:/dev/Labs_AADS/antlr4_LAB/antlr4_runtime_source/build/bin/lib/cmake/GTest/GTestConfigVersion.cmake
  -- Installing: C:/dev/Labs_AADS/antlr4_LAB/antlr4_runtime_source/build/bin/lib/cmake/GTest/GTestConfig.cmake
  -- Up-to-date: C:/dev/Labs_AADS/antlr4_LAB/antlr4_runtime_source/build/bin/include
  -- Installing: C:/dev/Labs_AADS/antlr4_LAB/antlr4_runtime_source/build/bin/include/gtest
  -- Installing: C:/dev/Labs_AADS/antlr4_LAB/antlr4_runtime_source/build/bin/include/gtest/gtest-death-test.h
  -- Installing: C:/dev/Labs_AADS/antlr4_LAB/antlr4_runtime_source/build/bin/include/gtest/gtest-matchers.h
  -- Installing: C:/dev/Labs_AADS/antlr4_LAB/antlr4_runtime_source/build/bin/include/gtest/gtest-message.h
  -- Installing: C:/dev/Labs_AADS/antlr4_LAB/antlr4_runtime_source/build/bin/include/gtest/gtest-param-test.h
  -- Installing: C:/dev/Labs_AADS/antlr4_LAB/antlr4_runtime_source/build/bin/include/gtest/gtest-printers.h
  -- Installing: C:/dev/Labs_AADS/antlr4_LAB/antlr4_runtime_source/build/bin/include/gtest/gtest-spi.h
  -- Installing: C:/dev/Labs_AADS/antlr4_LAB/antlr4_runtime_source/build/bin/include/gtest/gtest-test-part.h
  -- Installing: C:/dev/Labs_AADS/antlr4_LAB/antlr4_runtime_source/build/bin/include/gtest/gtest-typed-test.h
  -- Installing: C:/dev/Labs_AADS/antlr4_LAB/antlr4_runtime_source/build/bin/include/gtest/gtest.h
  -- Installing: C:/dev/Labs_AADS/antlr4_LAB/antlr4_runtime_source/build/bin/include/gtest/gtest_pred_impl.h
  -- Installing: C:/dev/Labs_AADS/antlr4_LAB/antlr4_runtime_source/build/bin/include/gtest/gtest_prod.h
  -- Installing: C:/dev/Labs_AADS/antlr4_LAB/antlr4_runtime_source/build/bin/include/gtest/internal
  -- Installing: C:/dev/Labs_AADS/antlr4_LAB/antlr4_runtime_source/build/bin/include/gtest/internal/custom
  -- Installing: C:/dev/Labs_AADS/antlr4_LAB/antlr4_runtime_source/build/bin/include/gtest/internal/custom/gtest-port.h
  -- Installing: C:/dev/Labs_AADS/antlr4_LAB/antlr4_runtime_source/build/bin/include/gtest/internal/custom/gtest-printers.h
  -- Installing: C:/dev/Labs_AADS/antlr4_LAB/antlr4_runtime_source/build/bin/include/gtest/internal/custom/gtest.h
  -- Installing: C:/dev/Labs_AADS/antlr4_LAB/antlr4_runtime_source/build/bin/include/gtest/internal/custom/README.md
  -- Installing: C:/dev/Labs_AADS/antlr4_LAB/antlr4_runtime_source/build/bin/include/gtest/internal/gtest-death-test-internal.h
  -- Installing: C:/dev/Labs_AADS/antlr4_LAB/antlr4_runtime_source/build/bin/include/gtest/internal/gtest-filepath.h
  -- Installing: C:/dev/Labs_AADS/antlr4_LAB/antlr4_runtime_source/build/bin/include/gtest/internal/gtest-internal.h
  -- Installing: C:/dev/Labs_AADS/antlr4_LAB/antlr4_runtime_source/build/bin/include/gtest/internal/gtest-param-util.h
  -- Installing: C:/dev/Labs_AADS/antlr4_LAB/antlr4_runtime_source/build/bin/include/gtest/internal/gtest-port-arch.h
  -- Installing: C:/dev/Labs_AADS/antlr4_LAB/antlr4_runtime_source/build/bin/include/gtest/internal/gtest-port.h
  -- Installing: C:/dev/Labs_AADS/antlr4_LAB/antlr4_runtime_source/build/bin/include/gtest/internal/gtest-string.h
  -- Installing: C:/dev/Labs_AADS/antlr4_LAB/antlr4_runtime_source/build/bin/include/gtest/internal/gtest-type-util.h
  -- Installing: C:/dev/Labs_AADS/antlr4_LAB/antlr4_runtime_source/build/bin/lib/gtest.lib
  -- Installing: C:/dev/Labs_AADS/antlr4_LAB/antlr4_runtime_source/build/bin/lib/gtest_main.lib
  -- Installing: C:/dev/Labs_AADS/antlr4_LAB/antlr4_runtime_source/build/bin/lib/pkgconfig/gtest.pc
  -- Installing: C:/dev/Labs_AADS/antlr4_LAB/antlr4_runtime_source/build/bin/lib/pkgconfig/gtest_main.pc
  -- Installing: C:/dev/Labs_AADS/antlr4_LAB/antlr4_runtime_source/build/bin/lib/antlr4-runtime.lib
  -- Installing: C:/dev/Labs_AADS/antlr4_LAB/antlr4_runtime_source/build/bin/bin/antlr4-runtime.dll
  -- Installing: C:/dev/Labs_AADS/antlr4_LAB/antlr4_runtime_source/build/bin/lib/antlr4-runtime-static.lib
  -- Installing: C:/dev/Labs_AADS/antlr4_LAB/antlr4_runtime_source/build/bin/include/antlr4-runtime
  -- Installing: C:/dev/Labs_AADS/antlr4_LAB/antlr4_runtime_source/build/bin/include/antlr4-runtime/.idea
  -- Installing: C:/dev/Labs_AADS/antlr4_LAB/antlr4_runtime_source/build/bin/include/antlr4-runtime/antlr4-common.h
  -- Installing: C:/dev/Labs_AADS/antlr4_LAB/antlr4_runtime_source/build/bin/include/antlr4-runtime/antlr4-runtime.h
  -- Installing: C:/dev/Labs_AADS/antlr4_LAB/antlr4_runtime_source/build/bin/include/antlr4-runtime/ANTLRErrorListener.h
  -- Installing: C:/dev/Labs_AADS/antlr4_LAB/antlr4_runtime_source/build/bin/include/antlr4-runtime/ANTLRErrorStrategy.h
  -- Installing: C:/dev/Labs_AADS/antlr4_LAB/antlr4_runtime_source/build/bin/include/antlr4-runtime/ANTLRFileStream.h
  -- Installing: C:/dev/Labs_AADS/antlr4_LAB/antlr4_runtime_source/build/bin/include/antlr4-runtime/ANTLRInputStream.h
  -- Installing: C:/dev/Labs_AADS/antlr4_LAB/antlr4_runtime_source/build/bin/include/antlr4-runtime/atn
  -- Installing: C:/dev/Labs_AADS/antlr4_LAB/antlr4_runtime_source/build/bin/include/antlr4-runtime/atn/ActionTransition.h
  -- Installing: C:/dev/Labs_AADS/antlr4_LAB/antlr4_runtime_source/build/bin/include/antlr4-runtime/atn/AmbiguityInfo.h
  -- Installing: C:/dev/Labs_AADS/antlr4_LAB/antlr4_runtime_source/build/bin/include/antlr4-runtime/atn/ArrayPredictionContext.h
  -- Installing: C:/dev/Labs_AADS/antlr4_LAB/antlr4_runtime_source/build/bin/include/antlr4-runtime/atn/ATN.h
  -- Installing: C:/dev/Labs_AADS/antlr4_LAB/antlr4_runtime_source/build/bin/include/antlr4-runtime/atn/ATNConfig.h
  -- Installing: C:/dev/Labs_AADS/antlr4_LAB/antlr4_runtime_source/build/bin/include/antlr4-runtime/atn/ATNConfigSet.h
  -- Installing: C:/dev/Labs_AADS/antlr4_LAB/antlr4_runtime_source/build/bin/include/antlr4-runtime/atn/ATNDeserializationOptions.h
  -- Installing: C:/dev/Labs_AADS/antlr4_LAB/antlr4_runtime_source/build/bin/include/antlr4-runtime/atn/ATNDeserializer.h
  -- Installing: C:/dev/Labs_AADS/antlr4_LAB/antlr4_runtime_source/build/bin/include/antlr4-runtime/atn/ATNSimulator.h
  -- Installing: C:/dev/Labs_AADS/antlr4_LAB/antlr4_runtime_source/build/bin/include/antlr4-runtime/atn/ATNState.h
  -- Installing: C:/dev/Labs_AADS/antlr4_LAB/antlr4_runtime_source/build/bin/include/antlr4-runtime/atn/ATNStateType.h
  -- Installing: C:/dev/Labs_AADS/antlr4_LAB/antlr4_runtime_source/build/bin/include/antlr4-runtime/atn/ATNType.h
  -- Installing: C:/dev/Labs_AADS/antlr4_LAB/antlr4_runtime_source/build/bin/include/antlr4-runtime/atn/AtomTransition.h
  -- Installing: C:/dev/Labs_AADS/antlr4_LAB/antlr4_runtime_source/build/bin/include/antlr4-runtime/atn/BasicBlockStartState.h
  -- Installing: C:/dev/Labs_AADS/antlr4_LAB/antlr4_runtime_source/build/bin/include/antlr4-runtime/atn/BasicState.h
  -- Installing: C:/dev/Labs_AADS/antlr4_LAB/antlr4_runtime_source/build/bin/include/antlr4-runtime/atn/BlockEndState.h
  -- Installing: C:/dev/Labs_AADS/antlr4_LAB/antlr4_runtime_source/build/bin/include/antlr4-runtime/atn/BlockStartState.h
  -- Installing: C:/dev/Labs_AADS/antlr4_LAB/antlr4_runtime_source/build/bin/include/antlr4-runtime/atn/ContextSensitivityInfo.h
  -- Installing: C:/dev/Labs_AADS/antlr4_LAB/antlr4_runtime_source/build/bin/include/antlr4-runtime/atn/DecisionEventInfo.h
  -- Installing: C:/dev/Labs_AADS/antlr4_LAB/antlr4_runtime_source/build/bin/include/antlr4-runtime/atn/DecisionInfo.h
  -- Installing: C:/dev/Labs_AADS/antlr4_LAB/antlr4_runtime_source/build/bin/include/antlr4-runtime/atn/DecisionState.h
  -- Installing: C:/dev/Labs_AADS/antlr4_LAB/antlr4_runtime_source/build/bin/include/antlr4-runtime/atn/EpsilonTransition.h
  -- Installing: C:/dev/Labs_AADS/antlr4_LAB/antlr4_runtime_source/build/bin/include/antlr4-runtime/atn/ErrorInfo.h
  -- Installing: C:/dev/Labs_AADS/antlr4_LAB/antlr4_runtime_source/build/bin/include/antlr4-runtime/atn/LexerAction.h
  -- Installing: C:/dev/Labs_AADS/antlr4_LAB/antlr4_runtime_source/build/bin/include/antlr4-runtime/atn/LexerActionExecutor.h
  -- Installing: C:/dev/Labs_AADS/antlr4_LAB/antlr4_runtime_source/build/bin/include/antlr4-runtime/atn/LexerActionType.h
  -- Installing: C:/dev/Labs_AADS/antlr4_LAB/antlr4_runtime_source/build/bin/include/antlr4-runtime/atn/LexerATNConfig.h
  -- Installing: C:/dev/Labs_AADS/antlr4_LAB/antlr4_runtime_source/build/bin/include/antlr4-runtime/atn/LexerATNSimulator.h
  -- Installing: C:/dev/Labs_AADS/antlr4_LAB/antlr4_runtime_source/build/bin/include/antlr4-runtime/atn/LexerChannelAction.h
  -- Installing: C:/dev/Labs_AADS/antlr4_LAB/antlr4_runtime_source/build/bin/include/antlr4-runtime/atn/LexerCustomAction.h
  -- Installing: C:/dev/Labs_AADS/antlr4_LAB/antlr4_runtime_source/build/bin/include/antlr4-runtime/atn/LexerIndexedCustomAction.h
  -- Installing: C:/dev/Labs_AADS/antlr4_LAB/antlr4_runtime_source/build/bin/include/antlr4-runtime/atn/LexerModeAction.h
  -- Installing: C:/dev/Labs_AADS/antlr4_LAB/antlr4_runtime_source/build/bin/include/antlr4-runtime/atn/LexerMoreAction.h
  -- Installing: C:/dev/Labs_AADS/antlr4_LAB/antlr4_runtime_source/build/bin/include/antlr4-runtime/atn/LexerPopModeAction.h
  -- Installing: C:/dev/Labs_AADS/antlr4_LAB/antlr4_runtime_source/build/bin/include/antlr4-runtime/atn/LexerPushModeAction.h
  -- Installing: C:/dev/Labs_AADS/antlr4_LAB/antlr4_runtime_source/build/bin/include/antlr4-runtime/atn/LexerSkipAction.h
  -- Installing: C:/dev/Labs_AADS/antlr4_LAB/antlr4_runtime_source/build/bin/include/antlr4-runtime/atn/LexerTypeAction.h
  -- Installing: C:/dev/Labs_AADS/antlr4_LAB/antlr4_runtime_source/build/bin/include/antlr4-runtime/atn/LL1Analyzer.h
  -- Installing: C:/dev/Labs_AADS/antlr4_LAB/antlr4_runtime_source/build/bin/include/antlr4-runtime/atn/LookaheadEventInfo.h
  -- Installing: C:/dev/Labs_AADS/antlr4_LAB/antlr4_runtime_source/build/bin/include/antlr4-runtime/atn/LoopEndState.h
  -- Installing: C:/dev/Labs_AADS/antlr4_LAB/antlr4_runtime_source/build/bin/include/antlr4-runtime/atn/NotSetTransition.h
  -- Installing: C:/dev/Labs_AADS/antlr4_LAB/antlr4_runtime_source/build/bin/include/antlr4-runtime/atn/OrderedATNConfigSet.h
  -- Installing: C:/dev/Labs_AADS/antlr4_LAB/antlr4_runtime_source/build/bin/include/antlr4-runtime/atn/ParseInfo.h
  -- Installing: C:/dev/Labs_AADS/antlr4_LAB/antlr4_runtime_source/build/bin/include/antlr4-runtime/atn/ParserATNSimulator.h
  -- Installing: C:/dev/Labs_AADS/antlr4_LAB/antlr4_runtime_source/build/bin/include/antlr4-runtime/atn/ParserATNSimulatorOptions.h
  -- Installing: C:/dev/Labs_AADS/antlr4_LAB/antlr4_runtime_source/build/bin/include/antlr4-runtime/atn/PlusBlockStartState.h
  -- Installing: C:/dev/Labs_AADS/antlr4_LAB/antlr4_runtime_source/build/bin/include/antlr4-runtime/atn/PlusLoopbackState.h
  -- Installing: C:/dev/Labs_AADS/antlr4_LAB/antlr4_runtime_source/build/bin/include/antlr4-runtime/atn/PrecedencePredicateTransition.h
  -- Installing: C:/dev/Labs_AADS/antlr4_LAB/antlr4_runtime_source/build/bin/include/antlr4-runtime/atn/PredicateEvalInfo.h
  -- Installing: C:/dev/Labs_AADS/antlr4_LAB/antlr4_runtime_source/build/bin/include/antlr4-runtime/atn/PredicateTransition.h
  -- Installing: C:/dev/Labs_AADS/antlr4_LAB/antlr4_runtime_source/build/bin/include/antlr4-runtime/atn/PredictionContext.h
  -- Installing: C:/dev/Labs_AADS/antlr4_LAB/antlr4_runtime_source/build/bin/include/antlr4-runtime/atn/PredictionContextCache.h
  -- Installing: C:/dev/Labs_AADS/antlr4_LAB/antlr4_runtime_source/build/bin/include/antlr4-runtime/atn/PredictionContextMergeCache.h
  -- Installing: C:/dev/Labs_AADS/antlr4_LAB/antlr4_runtime_source/build/bin/include/antlr4-runtime/atn/PredictionContextMergeCacheOptions.h
  -- Installing: C:/dev/Labs_AADS/antlr4_LAB/antlr4_runtime_source/build/bin/include/antlr4-runtime/atn/PredictionContextType.h
  -- Installing: C:/dev/Labs_AADS/antlr4_LAB/antlr4_runtime_source/build/bin/include/antlr4-runtime/atn/PredictionMode.h
  -- Installing: C:/dev/Labs_AADS/antlr4_LAB/antlr4_runtime_source/build/bin/include/antlr4-runtime/atn/ProfilingATNSimulator.h
  -- Installing: C:/dev/Labs_AADS/antlr4_LAB/antlr4_runtime_source/build/bin/include/antlr4-runtime/atn/RangeTransition.h
  -- Installing: C:/dev/Labs_AADS/antlr4_LAB/antlr4_runtime_source/build/bin/include/antlr4-runtime/atn/RuleStartState.h
  -- Installing: C:/dev/Labs_AADS/antlr4_LAB/antlr4_runtime_source/build/bin/include/antlr4-runtime/atn/RuleStopState.h
  -- Installing: C:/dev/Labs_AADS/antlr4_LAB/antlr4_runtime_source/build/bin/include/antlr4-runtime/atn/RuleTransition.h
  -- Installing: C:/dev/Labs_AADS/antlr4_LAB/antlr4_runtime_source/build/bin/include/antlr4-runtime/atn/SemanticContext.h
  -- Installing: C:/dev/Labs_AADS/antlr4_LAB/antlr4_runtime_source/build/bin/include/antlr4-runtime/atn/SemanticContextType.h
  -- Installing: C:/dev/Labs_AADS/antlr4_LAB/antlr4_runtime_source/build/bin/include/antlr4-runtime/atn/SerializedATNView.h
  -- Installing: C:/dev/Labs_AADS/antlr4_LAB/antlr4_runtime_source/build/bin/include/antlr4-runtime/atn/SetTransition.h
  -- Installing: C:/dev/Labs_AADS/antlr4_LAB/antlr4_runtime_source/build/bin/include/antlr4-runtime/atn/SingletonPredictionContext.h
  -- Installing: C:/dev/Labs_AADS/antlr4_LAB/antlr4_runtime_source/build/bin/include/antlr4-runtime/atn/StarBlockStartState.h
  -- Installing: C:/dev/Labs_AADS/antlr4_LAB/antlr4_runtime_source/build/bin/include/antlr4-runtime/atn/StarLoopbackState.h
  -- Installing: C:/dev/Labs_AADS/antlr4_LAB/antlr4_runtime_source/build/bin/include/antlr4-runtime/atn/StarLoopEntryState.h
  -- Installing: C:/dev/Labs_AADS/antlr4_LAB/antlr4_runtime_source/build/bin/include/antlr4-runtime/atn/TokensStartState.h
  -- Installing: C:/dev/Labs_AADS/antlr4_LAB/antlr4_runtime_source/build/bin/include/antlr4-runtime/atn/Transition.h
  -- Installing: C:/dev/Labs_AADS/antlr4_LAB/antlr4_runtime_source/build/bin/include/antlr4-runtime/atn/TransitionType.h
  -- Installing: C:/dev/Labs_AADS/antlr4_LAB/antlr4_runtime_source/build/bin/include/antlr4-runtime/atn/WildcardTransition.h
  -- Installing: C:/dev/Labs_AADS/antlr4_LAB/antlr4_runtime_source/build/bin/include/antlr4-runtime/BailErrorStrategy.h
  -- Installing: C:/dev/Labs_AADS/antlr4_LAB/antlr4_runtime_source/build/bin/include/antlr4-runtime/BaseErrorListener.h
  -- Installing: C:/dev/Labs_AADS/antlr4_LAB/antlr4_runtime_source/build/bin/include/antlr4-runtime/BufferedTokenStream.h
  -- Installing: C:/dev/Labs_AADS/antlr4_LAB/antlr4_runtime_source/build/bin/include/antlr4-runtime/CharStream.h
  -- Installing: C:/dev/Labs_AADS/antlr4_LAB/antlr4_runtime_source/build/bin/include/antlr4-runtime/CommonToken.h
  -- Installing: C:/dev/Labs_AADS/antlr4_LAB/antlr4_runtime_source/build/bin/include/antlr4-runtime/CommonTokenFactory.h
  -- Installing: C:/dev/Labs_AADS/antlr4_LAB/antlr4_runtime_source/build/bin/include/antlr4-runtime/CommonTokenStream.h
  -- Installing: C:/dev/Labs_AADS/antlr4_LAB/antlr4_runtime_source/build/bin/include/antlr4-runtime/ConsoleErrorListener.h
  -- Installing: C:/dev/Labs_AADS/antlr4_LAB/antlr4_runtime_source/build/bin/include/antlr4-runtime/DefaultErrorStrategy.h
  -- Installing: C:/dev/Labs_AADS/antlr4_LAB/antlr4_runtime_source/build/bin/include/antlr4-runtime/dfa
  -- Installing: C:/dev/Labs_AADS/antlr4_LAB/antlr4_runtime_source/build/bin/include/antlr4-runtime/dfa/DFA.h
  -- Installing: C:/dev/Labs_AADS/antlr4_LAB/antlr4_runtime_source/build/bin/include/antlr4-runtime/dfa/DFASerializer.h
  -- Installing: C:/dev/Labs_AADS/antlr4_LAB/antlr4_runtime_source/build/bin/include/antlr4-runtime/dfa/DFAState.h
  -- Installing: C:/dev/Labs_AADS/antlr4_LAB/antlr4_runtime_source/build/bin/include/antlr4-runtime/dfa/LexerDFASerializer.h
  -- Installing: C:/dev/Labs_AADS/antlr4_LAB/antlr4_runtime_source/build/bin/include/antlr4-runtime/DiagnosticErrorListener.h
  -- Installing: C:/dev/Labs_AADS/antlr4_LAB/antlr4_runtime_source/build/bin/include/antlr4-runtime/Exceptions.h
  -- Installing: C:/dev/Labs_AADS/antlr4_LAB/antlr4_runtime_source/build/bin/include/antlr4-runtime/FailedPredicateException.h
  -- Installing: C:/dev/Labs_AADS/antlr4_LAB/antlr4_runtime_source/build/bin/include/antlr4-runtime/FlatHashMap.h
  -- Installing: C:/dev/Labs_AADS/antlr4_LAB/antlr4_runtime_source/build/bin/include/antlr4-runtime/FlatHashSet.h
  -- Installing: C:/dev/Labs_AADS/antlr4_LAB/antlr4_runtime_source/build/bin/include/antlr4-runtime/InputMismatchException.h
  -- Installing: C:/dev/Labs_AADS/antlr4_LAB/antlr4_runtime_source/build/bin/include/antlr4-runtime/internal
  -- Installing: C:/dev/Labs_AADS/antlr4_LAB/antlr4_runtime_source/build/bin/include/antlr4-runtime/internal/Synchronization.h
  -- Installing: C:/dev/Labs_AADS/antlr4_LAB/antlr4_runtime_source/build/bin/include/antlr4-runtime/InterpreterRuleContext.h
  -- Installing: C:/dev/Labs_AADS/antlr4_LAB/antlr4_runtime_source/build/bin/include/antlr4-runtime/IntStream.h
  -- Installing: C:/dev/Labs_AADS/antlr4_LAB/antlr4_runtime_source/build/bin/include/antlr4-runtime/Lexer.h
  -- Installing: C:/dev/Labs_AADS/antlr4_LAB/antlr4_runtime_source/build/bin/include/antlr4-runtime/LexerInterpreter.h
  -- Installing: C:/dev/Labs_AADS/antlr4_LAB/antlr4_runtime_source/build/bin/include/antlr4-runtime/LexerNoViableAltException.h
  -- Installing: C:/dev/Labs_AADS/antlr4_LAB/antlr4_runtime_source/build/bin/include/antlr4-runtime/ListTokenSource.h
  -- Installing: C:/dev/Labs_AADS/antlr4_LAB/antlr4_runtime_source/build/bin/include/antlr4-runtime/misc
  -- Installing: C:/dev/Labs_AADS/antlr4_LAB/antlr4_runtime_source/build/bin/include/antlr4-runtime/misc/InterpreterDataReader.h
  -- Installing: C:/dev/Labs_AADS/antlr4_LAB/antlr4_runtime_source/build/bin/include/antlr4-runtime/misc/Interval.h
  -- Installing: C:/dev/Labs_AADS/antlr4_LAB/antlr4_runtime_source/build/bin/include/antlr4-runtime/misc/IntervalSet.h
  -- Installing: C:/dev/Labs_AADS/antlr4_LAB/antlr4_runtime_source/build/bin/include/antlr4-runtime/misc/MurmurHash.h
  -- Installing: C:/dev/Labs_AADS/antlr4_LAB/antlr4_runtime_source/build/bin/include/antlr4-runtime/misc/Predicate.h
  -- Installing: C:/dev/Labs_AADS/antlr4_LAB/antlr4_runtime_source/build/bin/include/antlr4-runtime/NoViableAltException.h
  -- Installing: C:/dev/Labs_AADS/antlr4_LAB/antlr4_runtime_source/build/bin/include/antlr4-runtime/Parser.h
  -- Installing: C:/dev/Labs_AADS/antlr4_LAB/antlr4_runtime_source/build/bin/include/antlr4-runtime/ParserInterpreter.h
  -- Installing: C:/dev/Labs_AADS/antlr4_LAB/antlr4_runtime_source/build/bin/include/antlr4-runtime/ParserRuleContext.h
  -- Installing: C:/dev/Labs_AADS/antlr4_LAB/antlr4_runtime_source/build/bin/include/antlr4-runtime/ProxyErrorListener.h
  -- Installing: C:/dev/Labs_AADS/antlr4_LAB/antlr4_runtime_source/build/bin/include/antlr4-runtime/RecognitionException.h
  -- Installing: C:/dev/Labs_AADS/antlr4_LAB/antlr4_runtime_source/build/bin/include/antlr4-runtime/Recognizer.h
  -- Installing: C:/dev/Labs_AADS/antlr4_LAB/antlr4_runtime_source/build/bin/include/antlr4-runtime/RuleContext.h
  -- Installing: C:/dev/Labs_AADS/antlr4_LAB/antlr4_runtime_source/build/bin/include/antlr4-runtime/RuleContextWithAltNum.h
  -- Installing: C:/dev/Labs_AADS/antlr4_LAB/antlr4_runtime_source/build/bin/include/antlr4-runtime/RuntimeMetaData.h
  -- Installing: C:/dev/Labs_AADS/antlr4_LAB/antlr4_runtime_source/build/bin/include/antlr4-runtime/support
  -- Installing: C:/dev/Labs_AADS/antlr4_LAB/antlr4_runtime_source/build/bin/include/antlr4-runtime/support/Any.h
  -- Installing: C:/dev/Labs_AADS/antlr4_LAB/antlr4_runtime_source/build/bin/include/antlr4-runtime/support/Arrays.h
  -- Installing: C:/dev/Labs_AADS/antlr4_LAB/antlr4_runtime_source/build/bin/include/antlr4-runtime/support/BitSet.h
  -- Installing: C:/dev/Labs_AADS/antlr4_LAB/antlr4_runtime_source/build/bin/include/antlr4-runtime/support/Casts.h
  -- Installing: C:/dev/Labs_AADS/antlr4_LAB/antlr4_runtime_source/build/bin/include/antlr4-runtime/support/CPPUtils.h
  -- Installing: C:/dev/Labs_AADS/antlr4_LAB/antlr4_runtime_source/build/bin/include/antlr4-runtime/support/Declarations.h
  -- Installing: C:/dev/Labs_AADS/antlr4_LAB/antlr4_runtime_source/build/bin/include/antlr4-runtime/support/StringUtils.h
  -- Installing: C:/dev/Labs_AADS/antlr4_LAB/antlr4_runtime_source/build/bin/include/antlr4-runtime/support/Unicode.h
  -- Installing: C:/dev/Labs_AADS/antlr4_LAB/antlr4_runtime_source/build/bin/include/antlr4-runtime/support/Utf8.h
  -- Installing: C:/dev/Labs_AADS/antlr4_LAB/antlr4_runtime_source/build/bin/include/antlr4-runtime/Token.h
  -- Installing: C:/dev/Labs_AADS/antlr4_LAB/antlr4_runtime_source/build/bin/include/antlr4-runtime/TokenFactory.h
  -- Installing: C:/dev/Labs_AADS/antlr4_LAB/antlr4_runtime_source/build/bin/include/antlr4-runtime/TokenSource.h
  -- Installing: C:/dev/Labs_AADS/antlr4_LAB/antlr4_runtime_source/build/bin/include/antlr4-runtime/TokenStream.h
  -- Installing: C:/dev/Labs_AADS/antlr4_LAB/antlr4_runtime_source/build/bin/include/antlr4-runtime/TokenStreamRewriter.h
  -- Installing: C:/dev/Labs_AADS/antlr4_LAB/antlr4_runtime_source/build/bin/include/antlr4-runtime/tree
  -- Installing: C:/dev/Labs_AADS/antlr4_LAB/antlr4_runtime_source/build/bin/include/antlr4-runtime/tree/AbstractParseTreeVisitor.h
  -- Installing: C:/dev/Labs_AADS/antlr4_LAB/antlr4_runtime_source/build/bin/include/antlr4-runtime/tree/ErrorNode.h
  -- Installing: C:/dev/Labs_AADS/antlr4_LAB/antlr4_runtime_source/build/bin/include/antlr4-runtime/tree/ErrorNodeImpl.h
  -- Installing: C:/dev/Labs_AADS/antlr4_LAB/antlr4_runtime_source/build/bin/include/antlr4-runtime/tree/IterativeParseTreeWalker.h
  -- Installing: C:/dev/Labs_AADS/antlr4_LAB/antlr4_runtime_source/build/bin/include/antlr4-runtime/tree/ParseTree.h
  -- Installing: C:/dev/Labs_AADS/antlr4_LAB/antlr4_runtime_source/build/bin/include/antlr4-runtime/tree/ParseTreeListener.h
  -- Installing: C:/dev/Labs_AADS/antlr4_LAB/antlr4_runtime_source/build/bin/include/antlr4-runtime/tree/ParseTreeProperty.h
  -- Installing: C:/dev/Labs_AADS/antlr4_LAB/antlr4_runtime_source/build/bin/include/antlr4-runtime/tree/ParseTreeType.h
  -- Installing: C:/dev/Labs_AADS/antlr4_LAB/antlr4_runtime_source/build/bin/include/antlr4-runtime/tree/ParseTreeVisitor.h
  -- Installing: C:/dev/Labs_AADS/antlr4_LAB/antlr4_runtime_source/build/bin/include/antlr4-runtime/tree/ParseTreeWalker.h
  -- Installing: C:/dev/Labs_AADS/antlr4_LAB/antlr4_runtime_source/build/bin/include/antlr4-runtime/tree/pattern
  -- Installing: C:/dev/Labs_AADS/antlr4_LAB/antlr4_runtime_source/build/bin/include/antlr4-runtime/tree/pattern/Chunk.h
  -- Installing: C:/dev/Labs_AADS/antlr4_LAB/antlr4_runtime_source/build/bin/include/antlr4-runtime/tree/pattern/ParseTreeMatch.h
  -- Installing: C:/dev/Labs_AADS/antlr4_LAB/antlr4_runtime_source/build/bin/include/antlr4-runtime/tree/pattern/ParseTreePattern.h
  -- Installing: C:/dev/Labs_AADS/antlr4_LAB/antlr4_runtime_source/build/bin/include/antlr4-runtime/tree/pattern/ParseTreePatternMatcher.h
  -- Installing: C:/dev/Labs_AADS/antlr4_LAB/antlr4_runtime_source/build/bin/include/antlr4-runtime/tree/pattern/RuleTagToken.h
  -- Installing: C:/dev/Labs_AADS/antlr4_LAB/antlr4_runtime_source/build/bin/include/antlr4-runtime/tree/pattern/TagChunk.h
  -- Installing: C:/dev/Labs_AADS/antlr4_LAB/antlr4_runtime_source/build/bin/include/antlr4-runtime/tree/pattern/TextChunk.h
  -- Installing: C:/dev/Labs_AADS/antlr4_LAB/antlr4_runtime_source/build/bin/include/antlr4-runtime/tree/pattern/TokenTagToken.h
  -- Installing: C:/dev/Labs_AADS/antlr4_LAB/antlr4_runtime_source/build/bin/include/antlr4-runtime/tree/TerminalNode.h
  -- Installing: C:/dev/Labs_AADS/antlr4_LAB/antlr4_runtime_source/build/bin/include/antlr4-runtime/tree/TerminalNodeImpl.h
  -- Installing: C:/dev/Labs_AADS/antlr4_LAB/antlr4_runtime_source/build/bin/include/antlr4-runtime/tree/Trees.h
  -- Installing: C:/dev/Labs_AADS/antlr4_LAB/antlr4_runtime_source/build/bin/include/antlr4-runtime/tree/xpath
  -- Installing: C:/dev/Labs_AADS/antlr4_LAB/antlr4_runtime_source/build/bin/include/antlr4-runtime/tree/xpath/XPath.h
  -- Installing: C:/dev/Labs_AADS/antlr4_LAB/antlr4_runtime_source/build/bin/include/antlr4-runtime/tree/xpath/XPathElement.h
  -- Installing: C:/dev/Labs_AADS/antlr4_LAB/antlr4_runtime_source/build/bin/include/antlr4-runtime/tree/xpath/XPathLexer.h
  -- Installing: C:/dev/Labs_AADS/antlr4_LAB/antlr4_runtime_source/build/bin/include/antlr4-runtime/tree/xpath/XPathLexerErrorListener.h
  -- Installing: C:/dev/Labs_AADS/antlr4_LAB/antlr4_runtime_source/build/bin/include/antlr4-runtime/tree/xpath/XPathRuleAnywhereElement.h
  -- Installing: C:/dev/Labs_AADS/antlr4_LAB/antlr4_runtime_source/build/bin/include/antlr4-runtime/tree/xpath/XPathRuleElement.h
  -- Installing: C:/dev/Labs_AADS/antlr4_LAB/antlr4_runtime_source/build/bin/include/antlr4-runtime/tree/xpath/XPathTokenAnywhereElement.h
  -- Installing: C:/dev/Labs_AADS/antlr4_LAB/antlr4_runtime_source/build/bin/include/antlr4-runtime/tree/xpath/XPathTokenElement.h
  -- Installing: C:/dev/Labs_AADS/antlr4_LAB/antlr4_runtime_source/build/bin/include/antlr4-runtime/tree/xpath/XPathWildcardAnywhereElement.h
  -- Installing: C:/dev/Labs_AADS/antlr4_LAB/antlr4_runtime_source/build/bin/include/antlr4-runtime/tree/xpath/XPathWildcardElement.h
  -- Installing: C:/dev/Labs_AADS/antlr4_LAB/antlr4_runtime_source/build/bin/include/antlr4-runtime/UnbufferedCharStream.h
  -- Installing: C:/dev/Labs_AADS/antlr4_LAB/antlr4_runtime_source/build/bin/include/antlr4-runtime/UnbufferedTokenStream.h
  -- Installing: C:/dev/Labs_AADS/antlr4_LAB/antlr4_runtime_source/build/bin/include/antlr4-runtime/Version.h
  -- Installing: C:/dev/Labs_AADS/antlr4_LAB/antlr4_runtime_source/build/bin/include/antlr4-runtime/Vocabulary.h
  -- Installing: C:/dev/Labs_AADS/antlr4_LAB/antlr4_runtime_source/build/bin/include/antlr4-runtime/WritableToken.h
  -- Installing: C:/dev/Labs_AADS/antlr4_LAB/antlr4_runtime_source/build/bin/lib/cmake/antlr4-runtime/antlr4-targets.cmake
  -- Installing: C:/dev/Labs_AADS/antlr4_LAB/antlr4_runtime_source/build/bin/lib/cmake/antlr4-runtime/antlr4-targets-release.cmake
  -- Installing: C:/dev/Labs_AADS/antlr4_LAB/antlr4_runtime_source/build/bin/lib/cmake/antlr4-runtime/antlr4-runtime-config.cmake
  -- Installing: C:/dev/Labs_AADS/antlr4_LAB/antlr4_runtime_source/build/bin/lib/cmake/antlr4-runtime/antlr4-runtime-config-version.cmake
  -- Installing: C:/dev/Labs_AADS/antlr4_LAB/antlr4_runtime_source/build/bin/lib/cmake/antlr4-generator/antlr4-generator-config.cmake
  -- Installing: C:/dev/Labs_AADS/antlr4_LAB/antlr4_runtime_source/build/bin/lib/cmake/antlr4-generator/antlr4-generator-config-version.cmake
  -- Installing: C:/dev/Labs_AADS/antlr4_LAB/antlr4_runtime_source/build/bin/share/doc/libantlr4/README.md
  -- Installing: C:/dev/Labs_AADS/antlr4_LAB/antlr4_runtime_source/build/bin/share/doc/libantlr4/VERSION
